-------------------------------------------------------------------------------
Test set: com.example.test.PersonTest
-------------------------------------------------------------------------------
Tests run: 4, Failures: 2, Errors: 0, Skipped: 0, Time elapsed: 1.025 sec <<< FAILURE!
Then Data Person id ke: 1 kosong(Scenario: Penghapusan Data Person)  Time elapsed: 0.007 sec  <<< FAILURE!
java.lang.AssertionError: 
Expected: "[]"
     but: was "{\"firstName\":\"Budi\",\"lastName\":\"Susanto\",\"phones\":[{\"phonenumber\":\"987854626272\",\"id\":1}],\"@id\":1,\"id\":1,\"registrasi\":{\"noregis\":\"88888888888\",\"person\":1,\"@id\":2,\"id\":1},\"age\":17}"
	at org.hamcrest.MatcherAssert.assertThat(MatcherAssert.java:20)
	at org.junit.Assert.assertThat(Assert.java:956)
	at org.junit.Assert.assertThat(Assert.java:923)
	at com.example.test.People.then(People.java:72)
	at ✽.Then Data Person id ke: 1 kosong(persons.feature:5)

Scenario: Penghapusan Data Person  Time elapsed: 0.007 sec  <<< FAILURE!
java.lang.AssertionError: 
Expected: "[]"
     but: was "{\"firstName\":\"Budi\",\"lastName\":\"Susanto\",\"phones\":[{\"phonenumber\":\"987854626272\",\"id\":1}],\"@id\":1,\"id\":1,\"registrasi\":{\"noregis\":\"88888888888\",\"person\":1,\"@id\":2,\"id\":1},\"age\":17}"
	at org.hamcrest.MatcherAssert.assertThat(MatcherAssert.java:20)
	at org.junit.Assert.assertThat(Assert.java:956)
	at org.junit.Assert.assertThat(Assert.java:923)
	at com.example.test.People.then(People.java:72)
	at ✽.Then Data Person id ke: 1 kosong(persons.feature:5)

