<?xml version="1.0" encoding="UTF-8" ?>
<testsuite tests="4" failures="2" name="com.example.test.PersonTest" time="0.017" errors="0" skipped="0">
  <properties>
    <property name="java.runtime.name" value="OpenJDK Runtime Environment"/>
    <property name="sun.boot.library.path" value="/usr/lib/jvm/java-8-openjdk-amd64/jre/lib/amd64"/>
    <property name="java.vm.version" value="25.151-b12"/>
    <property name="java.vm.vendor" value="Oracle Corporation"/>
    <property name="maven.multiModuleProjectDirectory" value="/root/Documents/workspace-sts-3.9.2.RELEASE/cucumber"/>
    <property name="java.vendor.url" value="http://java.oracle.com/"/>
    <property name="path.separator" value=":"/>
    <property name="guice.disable.misplaced.annotation.check" value="true"/>
    <property name="java.vm.name" value="OpenJDK 64-Bit Server VM"/>
    <property name="file.encoding.pkg" value="sun.io"/>
    <property name="user.country" value="US"/>
    <property name="sun.java.launcher" value="SUN_STANDARD"/>
    <property name="sun.os.patch.level" value="unknown"/>
    <property name="java.vm.specification.name" value="Java Virtual Machine Specification"/>
    <property name="user.dir" value="/root/Documents/workspace-sts-3.9.2.RELEASE/cucumber"/>
    <property name="java.runtime.version" value="1.8.0_151-8u151-b12-0ubuntu0.16.04.2-b12"/>
    <property name="java.awt.graphicsenv" value="sun.awt.X11GraphicsEnvironment"/>
    <property name="java.endorsed.dirs" value="/usr/lib/jvm/java-8-openjdk-amd64/jre/lib/endorsed"/>
    <property name="os.arch" value="amd64"/>
    <property name="java.io.tmpdir" value="/tmp"/>
    <property name="line.separator" value="
"/>
    <property name="java.vm.specification.vendor" value="Oracle Corporation"/>
    <property name="os.name" value="Linux"/>
    <property name="classworlds.conf" value="/root/Documents/workspace-sts-3.9.2.RELEASE/.metadata/.plugins/org.eclipse.m2e.launching/launches/m2conf3723396579962451254.tmp"/>
    <property name="sun.jnu.encoding" value="UTF-8"/>
    <property name="java.library.path" value="/usr/java/packages/lib/amd64:/usr/lib/x86_64-linux-gnu/jni:/lib/x86_64-linux-gnu:/usr/lib/x86_64-linux-gnu:/usr/lib/jni:/lib:/usr/lib"/>
    <property name="java.specification.name" value="Java Platform API Specification"/>
    <property name="java.class.version" value="52.0"/>
    <property name="sun.management.compiler" value="HotSpot 64-Bit Tiered Compilers"/>
    <property name="os.version" value="4.13.0-36-generic"/>
    <property name="user.home" value="/root"/>
    <property name="user.timezone" value="America/Los_Angeles"/>
    <property name="java.awt.printerjob" value="sun.print.PSPrinterJob"/>
    <property name="file.encoding" value="UTF-8"/>
    <property name="java.specification.version" value="1.8"/>
    <property name="user.name" value="root"/>
    <property name="java.class.path" value="/home/yoeltan/sts-bundle/sts-3.9.2.RELEASE/plugins/org.eclipse.m2e.maven.runtime_1.8.2.20171007-0216/jars/plexus-classworlds-2.5.2.jar"/>
    <property name="java.vm.specification.version" value="1.8"/>
    <property name="sun.arch.data.model" value="64"/>
    <property name="java.home" value="/usr/lib/jvm/java-8-openjdk-amd64/jre"/>
    <property name="sun.java.command" value="org.codehaus.plexus.classworlds.launcher.Launcher -B test"/>
    <property name="java.specification.vendor" value="Oracle Corporation"/>
    <property name="user.language" value="en"/>
    <property name="awt.toolkit" value="sun.awt.X11.XToolkit"/>
    <property name="java.vm.info" value="mixed mode"/>
    <property name="java.version" value="1.8.0_151"/>
    <property name="java.ext.dirs" value="/usr/lib/jvm/java-8-openjdk-amd64/jre/lib/ext:/usr/java/packages/lib/ext"/>
    <property name="securerandom.source" value="file:/dev/./urandom"/>
    <property name="sun.boot.class.path" value="/usr/lib/jvm/java-8-openjdk-amd64/jre/lib/resources.jar:/usr/lib/jvm/java-8-openjdk-amd64/jre/lib/rt.jar:/usr/lib/jvm/java-8-openjdk-amd64/jre/lib/sunrsasign.jar:/usr/lib/jvm/java-8-openjdk-amd64/jre/lib/jsse.jar:/usr/lib/jvm/java-8-openjdk-amd64/jre/lib/jce.jar:/usr/lib/jvm/java-8-openjdk-amd64/jre/lib/charsets.jar:/usr/lib/jvm/java-8-openjdk-amd64/jre/lib/jfr.jar:/usr/lib/jvm/java-8-openjdk-amd64/jre/classes"/>
    <property name="java.vendor" value="Oracle Corporation"/>
    <property name="maven.home" value="/root/Documents/workspace-sts-3.9.2.RELEASE/cucumber/EMBEDDED"/>
    <property name="file.separator" value="/"/>
    <property name="java.vendor.url.bug" value="http://bugreport.sun.com/bugreport/"/>
    <property name="sun.cpu.endian" value="little"/>
    <property name="sun.io.unicode.encoding" value="UnicodeLittle"/>
    <property name="sun.cpu.isalist" value=""/>
  </properties>
  <testcase classname="Scenario: Penghapusan Data Person" name="Given Ambil jumlah total record saat ini" time="0.003"/>
  <testcase classname="Scenario: Penghapusan Data Person" name="When Hapus record id ke: 1" time="0"/>
  <testcase classname="Scenario: Penghapusan Data Person" name="Then Data Person id ke: 1 kosong" time="0.007">
    <failure message="
Expected: &quot;[]&quot;
     but: was &quot;{\&quot;firstName\&quot;:\&quot;Budi\&quot;,\&quot;lastName\&quot;:\&quot;Susanto\&quot;,\&quot;phones\&quot;:[{\&quot;phonenumber\&quot;:\&quot;987854626272\&quot;,\&quot;id\&quot;:1}],\&quot;@id\&quot;:1,\&quot;id\&quot;:1,\&quot;registrasi\&quot;:{\&quot;noregis\&quot;:\&quot;88888888888\&quot;,\&quot;person\&quot;:1,\&quot;@id\&quot;:2,\&quot;id\&quot;:1},\&quot;age\&quot;:17}&quot;" type="java.lang.AssertionError">java.lang.AssertionError: 
Expected: &quot;[]&quot;
     but: was &quot;{\&quot;firstName\&quot;:\&quot;Budi\&quot;,\&quot;lastName\&quot;:\&quot;Susanto\&quot;,\&quot;phones\&quot;:[{\&quot;phonenumber\&quot;:\&quot;987854626272\&quot;,\&quot;id\&quot;:1}],\&quot;@id\&quot;:1,\&quot;id\&quot;:1,\&quot;registrasi\&quot;:{\&quot;noregis\&quot;:\&quot;88888888888\&quot;,\&quot;person\&quot;:1,\&quot;@id\&quot;:2,\&quot;id\&quot;:1},\&quot;age\&quot;:17}&quot;
	at org.hamcrest.MatcherAssert.assertThat(MatcherAssert.java:20)
	at org.junit.Assert.assertThat(Assert.java:956)
	at org.junit.Assert.assertThat(Assert.java:923)
	at com.example.test.People.then(People.java:72)
	at ✽.Then Data Person id ke: 1 kosong(persons.feature:5)
</failure>
  </testcase>
  <testcase classname="Scenario: Penghapusan Data Person" name="Scenario: Penghapusan Data Person" time="0.007">
    <failure message="
Expected: &quot;[]&quot;
     but: was &quot;{\&quot;firstName\&quot;:\&quot;Budi\&quot;,\&quot;lastName\&quot;:\&quot;Susanto\&quot;,\&quot;phones\&quot;:[{\&quot;phonenumber\&quot;:\&quot;987854626272\&quot;,\&quot;id\&quot;:1}],\&quot;@id\&quot;:1,\&quot;id\&quot;:1,\&quot;registrasi\&quot;:{\&quot;noregis\&quot;:\&quot;88888888888\&quot;,\&quot;person\&quot;:1,\&quot;@id\&quot;:2,\&quot;id\&quot;:1},\&quot;age\&quot;:17}&quot;" type="java.lang.AssertionError">java.lang.AssertionError: 
Expected: &quot;[]&quot;
     but: was &quot;{\&quot;firstName\&quot;:\&quot;Budi\&quot;,\&quot;lastName\&quot;:\&quot;Susanto\&quot;,\&quot;phones\&quot;:[{\&quot;phonenumber\&quot;:\&quot;987854626272\&quot;,\&quot;id\&quot;:1}],\&quot;@id\&quot;:1,\&quot;id\&quot;:1,\&quot;registrasi\&quot;:{\&quot;noregis\&quot;:\&quot;88888888888\&quot;,\&quot;person\&quot;:1,\&quot;@id\&quot;:2,\&quot;id\&quot;:1},\&quot;age\&quot;:17}&quot;
	at org.hamcrest.MatcherAssert.assertThat(MatcherAssert.java:20)
	at org.junit.Assert.assertThat(Assert.java:956)
	at org.junit.Assert.assertThat(Assert.java:923)
	at com.example.test.People.then(People.java:72)
	at ✽.Then Data Person id ke: 1 kosong(persons.feature:5)
</failure>
  </testcase>
</testsuite>