<?xml version="1.0" encoding="UTF-8" ?>
<testsuite tests="4" failures="2" name="com.example.test.PersonTest" time="0.017" errors="0" skipped="0">
  <properties>
[...]
</properties>
  <testcase classname="Scenario: Penghapusan Data Person" name="Given Ambil jumlah total record saat ini" time="0.003"/>
  <testcase classname="Scenario: Penghapusan Data Person" name="When Hapus record id ke: 1" time="0"/>
  <testcase classname="Scenario: Penghapusan Data Person" name="Then Data Person id ke: 1 kosong" time="0.007">
    <failure message="
Expected: &quot;[]&quot;
     but: was &quot;{\&quot;firstName\&quot;:\&quot;Budi\&quot;,\&quot;lastName\&quot;:\&quot;Susanto\&quot;,\&quot;phones\&quot;:[{\&quot;phonenumber\&quot;:\&quot;987854626272\&quot;,\&quot;id\&quot;:1}],\&quot;@id\&quot;:1,\&quot;id\&quot;:1,\&quot;registrasi\&quot;:{\&quot;noregis\&quot;:\&quot;88888888888\&quot;,\&quot;person\&quot;:1,\&quot;@id\&quot;:2,\&quot;id\&quot;:1},\&quot;age\&quot;:17}&quot;" type="java.lang.AssertionError">java.lang.AssertionError: 
Expected: &quot;[]&quot;
     but: was &quot;{\&quot;firstName\&quot;:\&quot;Budi\&quot;,\&quot;lastName\&quot;:\&quot;Susanto\&quot;,\&quot;phones\&quot;:[{\&quot;phonenumber\&quot;:\&quot;987854626272\&quot;,\&quot;id\&quot;:1}],\&quot;@id\&quot;:1,\&quot;id\&quot;:1,\&quot;registrasi\&quot;:{\&quot;noregis\&quot;:\&quot;88888888888\&quot;,\&quot;person\&quot;:1,\&quot;@id\&quot;:2,\&quot;id\&quot;:1},\&quot;age\&quot;:17}&quot;
	at org.hamcrest.MatcherAssert.assertThat(MatcherAssert.java:20)
	at org.junit.Assert.assertThat(Assert.java:956)
	at org.junit.Assert.assertThat(Assert.java:923)
	at com.example.test.People.then(People.java:72)
	at ✽.Then Data Person id ke: 1 kosong(persons.feature:5)
</failure>
  </testcase>
  <testcase classname="Scenario: Penghapusan Data Person" name="Scenario: Penghapusan Data Person" time="0.007">
    <failure message="
Expected: &quot;[]&quot;
     but: was &quot;{\&quot;firstName\&quot;:\&quot;Budi\&quot;,\&quot;lastName\&quot;:\&quot;Susanto\&quot;,\&quot;phones\&quot;:[{\&quot;phonenumber\&quot;:\&quot;987854626272\&quot;,\&quot;id\&quot;:1}],\&quot;@id\&quot;:1,\&quot;id\&quot;:1,\&quot;registrasi\&quot;:{\&quot;noregis\&quot;:\&quot;88888888888\&quot;,\&quot;person\&quot;:1,\&quot;@id\&quot;:2,\&quot;id\&quot;:1},\&quot;age\&quot;:17}&quot;" type="java.lang.AssertionError">java.lang.AssertionError: 
Expected: &quot;[]&quot;
     but: was &quot;{\&quot;firstName\&quot;:\&quot;Budi\&quot;,\&quot;lastName\&quot;:\&quot;Susanto\&quot;,\&quot;phones\&quot;:[{\&quot;phonenumber\&quot;:\&quot;987854626272\&quot;,\&quot;id\&quot;:1}],\&quot;@id\&quot;:1,\&quot;id\&quot;:1,\&quot;registrasi\&quot;:{\&quot;noregis\&quot;:\&quot;88888888888\&quot;,\&quot;person\&quot;:1,\&quot;@id\&quot;:2,\&quot;id\&quot;:1},\&quot;age\&quot;:17}&quot;
	at org.hamcrest.MatcherAssert.assertThat(MatcherAssert.java:20)
	at org.junit.Assert.assertThat(Assert.java:956)
	at org.junit.Assert.assertThat(Assert.java:923)
	at com.example.test.People.then(People.java:72)
	at ✽.Then Data Person id ke: 1 kosong(persons.feature:5)
</failure>
  </testcase>
</testsuite>